###############################################################################
#                                                                             #
# IAR C/C++ Compiler V8.10.3.10338/W32 for 8051         11/Aug/2021  23:37:59 #
# Copyright 2004-2011 IAR Systems AB.                                         #
#                                                                             #
#    Core               =  plain                                              #
#    Code model         =  banked                                             #
#    Data model         =  large                                              #
#    Calling convention =  xdata reentrant                                    #
#    Constant location  =  data_rom                                           #
#    Dptr setup         =  1,16                                               #
#    Source file        =  D:\test_nb\덜쯤\뜩老똥\Projects\zstack\Samples\Gen #
#                          ericApp\Source\delay.c                             #
#    Command line       =  -f D:\test_nb\덜쯤\뜩老똥\Projects\zstack\Samples\ #
#                          GenericApp\CC2530DB\..\..\..\Tools\CC2530DB\f8wEnd #
#                          ev.cfg (-DCPU32MHZ -DROOT=__near_func              #
#                          -DMAC_CFG_TX_DATA_MAX=3 -DMAC_CFG_TX_MAX=6         #
#                          -DMAC_CFG_RX_MAX=3) -f D:\test_nb\덜쯤\뜩老똥\Proj #
#                          ects\zstack\Samples\GenericApp\CC2530DB\..\..\..\T #
#                          ools\CC2530DB\f8wConfig.cfg (-DZIGBEEPRO           #
#                          -DSECURE=0 -DZG_SECURE_DYNAMIC=0 -DREFLECTOR       #
#                          -DDEFAULT_CHANLIST=0x00000800                      #
#                          -DZDAPP_CONFIG_PAN_ID=0xFFFF                       #
#                          -DNWK_START_DELAY=100 -DEXTENDED_JOINING_RANDOM_MA #
#                          SK=0x007F -DBEACON_REQUEST_DELAY=100               #
#                          -DBEACON_REQ_DELAY_MASK=0x00FF                     #
#                          -DLINK_STATUS_JITTER_MASK=0x007F                   #
#                          -DROUTE_EXPIRY_TIME=30 -DAPSC_ACK_WAIT_DURATION_PO #
#                          LLED=3000 -DNWK_INDIRECT_MSG_TIMEOUT=7             #
#                          -DMAX_RREQ_ENTRIES=8 -DAPSC_MAX_FRAME_RETRIES=3    #
#                          -DNWK_MAX_DATA_RETRIES=2                           #
#                          -DMAX_POLL_FAILURE_RETRIES=2 -DMAX_BCAST=9         #
#                          -DAPS_MAX_GROUPS=16 -DMAX_RTG_ENTRIES=40           #
#                          -DNWK_MAX_BINDING_ENTRIES=4                        #
#                          -DMAX_BINDING_CLUSTER_IDS=4 "-DDEFAULT_KEY={0x01,  #
#                          0x03, 0x05, 0x07, 0x09, 0x0B, 0x0D, 0x0F, 0x00,    #
#                          0x02, 0x04, 0x06, 0x08, 0x0A, 0x0C, 0x0D}"         #
#                          -DMAC_MAX_FRAME_SIZE=116                           #
#                          -DZDNWKMGR_MIN_TRANSMISSIONS=20 "-DCONST=const     #
#                          __code" -DGENERIC=__generic                        #
#                          -DRFD_RCVC_ALWAYS_ON=FALSE -DPOLL_RATE=1000        #
#                          -DQUEUED_POLL_RATE=100 -DRESPONSE_POLL_RATE=100)   #
#                          -DREJOIN_POLL_RATE=440 D:\test_nb\덜쯤\뜩老똥\Proj #
#                          ects\zstack\Samples\GenericApp\Source\delay.c -D   #
#                          NWK_AUTO_POLL -D ZTOOL_P1 -D LCD_SUPPORTED=DEBUG   #
#                          -lC D:\test_nb\덜쯤\뜩老똥\Projects\zstack\Samples #
#                          \GenericApp\CC2530DB\EndDeviceEB\List\ -lA         #
#                          D:\test_nb\덜쯤\뜩老똥\Projects\zstack\Samples\Gen #
#                          ericApp\CC2530DB\EndDeviceEB\List\                 #
#                          --diag_suppress Pe001,Pa010 -o                     #
#                          D:\test_nb\덜쯤\뜩老똥\Projects\zstack\Samples\Gen #
#                          ericApp\CC2530DB\EndDeviceEB\Obj\ -e               #
#                          --no_code_motion --debug --core=plain --dptr=16,1  #
#                          --data_model=large --code_model=banked             #
#                          --calling_convention=xdata_reentrant               #
#                          --place_constants=data_rom --nr_virtual_regs 16    #
#                          -I D:\test_nb\덜쯤\뜩老똥\Projects\zstack\Samples\ #
#                          GenericApp\CC2530DB\ -I D:\test_nb\덜쯤\뜩老똥\Pro #
#                          jects\zstack\Samples\GenericApp\CC2530DB\..\Source #
#                          \ -I D:\test_nb\덜쯤\뜩老똥\Projects\zstack\Sample #
#                          s\GenericApp\CC2530DB\..\..\..\ZMain\TI2530DB\ -I  #
#                          D:\test_nb\덜쯤\뜩老똥\Projects\zstack\Samples\Gen #
#                          ericApp\CC2530DB\..\..\..\..\..\Components\hal\inc #
#                          lude\ -I D:\test_nb\덜쯤\뜩老똥\Projects\zstack\Sa #
#                          mples\GenericApp\CC2530DB\..\..\..\..\..\Component #
#                          s\hal\target\CC2530EB\ -I                          #
#                          D:\test_nb\덜쯤\뜩老똥\Projects\zstack\Samples\Gen #
#                          ericApp\CC2530DB\..\..\..\..\..\Components\mac\inc #
#                          lude\ -I D:\test_nb\덜쯤\뜩老똥\Projects\zstack\Sa #
#                          mples\GenericApp\CC2530DB\..\..\..\..\..\Component #
#                          s\mac\high_level\ -I D:\test_nb\덜쯤\뜩老똥\Projec #
#                          ts\zstack\Samples\GenericApp\CC2530DB\..\..\..\..\ #
#                          ..\Components\mac\low_level\srf04\ -I              #
#                          D:\test_nb\덜쯤\뜩老똥\Projects\zstack\Samples\Gen #
#                          ericApp\CC2530DB\..\..\..\..\..\Components\mac\low #
#                          _level\srf04\single_chip\ -I                       #
#                          D:\test_nb\덜쯤\뜩老똥\Projects\zstack\Samples\Gen #
#                          ericApp\CC2530DB\..\..\..\..\..\Components\mt\ -I  #
#                          D:\test_nb\덜쯤\뜩老똥\Projects\zstack\Samples\Gen #
#                          ericApp\CC2530DB\..\..\..\..\..\Components\osal\in #
#                          clude\ -I D:\test_nb\덜쯤\뜩老똥\Projects\zstack\S #
#                          amples\GenericApp\CC2530DB\..\..\..\..\..\Componen #
#                          ts\services\saddr\ -I D:\test_nb\덜쯤\뜩老똥\Proje #
#                          cts\zstack\Samples\GenericApp\CC2530DB\..\..\..\.. #
#                          \..\Components\services\sdata\ -I                  #
#                          D:\test_nb\덜쯤\뜩老똥\Projects\zstack\Samples\Gen #
#                          ericApp\CC2530DB\..\..\..\..\..\Components\stack\a #
#                          f\ -I D:\test_nb\덜쯤\뜩老똥\Projects\zstack\Sampl #
#                          es\GenericApp\CC2530DB\..\..\..\..\..\Components\s #
#                          tack\nwk\ -I D:\test_nb\덜쯤\뜩老똥\Projects\zstac #
#                          k\Samples\GenericApp\CC2530DB\..\..\..\..\..\Compo #
#                          nents\stack\sapi\ -I D:\test_nb\덜쯤\뜩老똥\Projec #
#                          ts\zstack\Samples\GenericApp\CC2530DB\..\..\..\..\ #
#                          ..\Components\stack\sec\ -I                        #
#                          D:\test_nb\덜쯤\뜩老똥\Projects\zstack\Samples\Gen #
#                          ericApp\CC2530DB\..\..\..\..\..\Components\stack\s #
#                          ys\ -I D:\test_nb\덜쯤\뜩老똥\Projects\zstack\Samp #
#                          les\GenericApp\CC2530DB\..\..\..\..\..\Components\ #
#                          stack\zdo\ -I D:\test_nb\덜쯤\뜩老똥\Projects\zsta #
#                          ck\Samples\GenericApp\CC2530DB\..\..\..\..\..\Comp #
#                          onents\zmac\ -I D:\test_nb\덜쯤\뜩老똥\Projects\zs #
#                          tack\Samples\GenericApp\CC2530DB\..\..\..\..\..\Co #
#                          mponents\zmac\f8w\ -Ohz --require_prototypes       #
#    List file          =  D:\test_nb\덜쯤\뜩老똥\Projects\zstack\Samples\Gen #
#                          ericApp\CC2530DB\EndDeviceEB\List\delay.lst        #
#    Object file        =  D:\test_nb\덜쯤\뜩老똥\Projects\zstack\Samples\Gen #
#                          ericApp\CC2530DB\EndDeviceEB\Obj\delay.r51         #
#                                                                             #
#                                                                             #
###############################################################################

D:\test_nb\덜쯤\뜩老똥\Projects\zstack\Samples\GenericApp\Source\delay.c
      1          #include "delay.h"
      2          /****************************
      3          //儺珂변鑒
      4          *****************************/

   \                                 In  segment BANKED_CODE, align 1, keep-with-next
      5          void Delay_us(void) //1 us儺珂
   \                     Delay_us:
      6          
      7          {
   \   000000   C082         PUSH    DPL
   \   000002   C083         PUSH    DPH
   \   000004                ; Saved register size: 2
   \   000004                ; Auto size: 0
      8              MicroWait(1);   
   \   000004                ; Setup parameters for call to function Onboard_wait
   \   000004   7A01         MOV     R2,#0x1
   \   000006                REQUIRE ?Subroutine0
   \   000006                ; // Fall through to label ?Subroutine0
      9          }

   \                                 In  segment BANKED_CODE, align 1, keep-with-next
   \                     ?Subroutine0:
   \   000000   7B00         MOV     R3,#0x0
   \   000002   12....       LCALL   ??Onboard_wait?relay
   \   000005   D083         POP     DPH
   \   000007   D082         POP     DPL
   \   000009   02....       LJMP    ?BRET
     10          

   \                                 In  segment BANKED_CODE, align 1, keep-with-next
     11          void Delay_10us(void) //10 us儺珂
   \                     Delay_10us:
     12          {
   \   000000   C082         PUSH    DPL
   \   000002   C083         PUSH    DPH
   \   000004                ; Saved register size: 2
   \   000004                ; Auto size: 0
     13             MicroWait(10);
   \   000004                ; Setup parameters for call to function Onboard_wait
   \   000004   7A0A         MOV     R2,#0xa
   \   000006   80..         SJMP    ?Subroutine0
     14          }
     15          

   \                                 In  segment BANKED_CODE, align 1, keep-with-next
     16          void Delay_ms(uint Time)//n ms儺珂
   \                     Delay_ms:
     17          {
   \   000000   74F7         MOV     A,#-0x9
   \   000002   12....       LCALL   ?BANKED_ENTER_XDATA
   \   000005                ; Saved register size: 9
   \   000005                ; Auto size: 0
   \   000005   EA           MOV     A,R2
   \   000006   FE           MOV     R6,A
   \   000007   EB           MOV     A,R3
   \   000008   FF           MOV     R7,A
     18            unsigned char i;
     19            while(Time--)
   \                     ??Delay_ms_0:
   \   000009   EE           MOV     A,R6
   \   00000A   F8           MOV     R0,A
   \   00000B   EF           MOV     A,R7
   \   00000C   F9           MOV     R1,A
   \   00000D   E8           MOV     A,R0
   \   00000E   24FF         ADD     A,#-0x1
   \   000010   1E           DEC     R6
   \   000011   E9           MOV     A,R1
   \   000012   34FF         ADDC    A,#-0x1
   \   000014   FF           MOV     R7,A
   \   000015   E8           MOV     A,R0
   \   000016   49           ORL     A,R1
   \   000017   6012         JZ      ??Delay_ms_1
     20            {
     21              for(i=0;i<100;i++)
   \   000019   75..64       MOV     ?V0 + 0,#0x64
     22               Delay_10us();
   \                     ??Delay_ms_2:
   \   00001C                ; Setup parameters for call to function Onboard_wait
   \   00001C   7A0A         MOV     R2,#0xa
   \   00001E   7B00         MOV     R3,#0x0
   \   000020   12....       LCALL   ??Onboard_wait?relay
   \   000023   15..         DEC     ?V0 + 0
   \   000025   E5..         MOV     A,?V0 + 0
   \   000027   60E0         JZ      ??Delay_ms_0
   \   000029   80F1         SJMP    ??Delay_ms_2
     23            }
     24          }
   \                     ??Delay_ms_1:
   \   00002B   7F01         MOV     R7,#0x1
   \   00002D   02....       LJMP    ?BANKED_LEAVE_XDATA

   \                                 In  segment BANK_RELAYS, align 1
   \                     ??Delay_us?relay:
   \   000000   12....       LCALL   ?BDISPATCH
   \   000003   ......       DC24    Delay_us

   \                                 In  segment BANK_RELAYS, align 1
   \                     ??Delay_10us?relay:
   \   000000   12....       LCALL   ?BDISPATCH
   \   000003   ......       DC24    Delay_10us

   \                                 In  segment BANK_RELAYS, align 1
   \                     ??Delay_ms?relay:
   \   000000   12....       LCALL   ?BDISPATCH
   \   000003   ......       DC24    Delay_ms

   Maximum stack usage in bytes:

     Function          ISTACK PSTACK XSTACK
     --------          ------ ------ ------
     Delay_10us            2      0      0
       -> Onboard_wait     4      0      0
     Delay_ms              0      0      9
       -> Onboard_wait     0      0     18
     Delay_us              2      0      0
       -> Onboard_wait     4      0      0


   Segment part sizes:

     Function/Label     Bytes
     --------------     -----
     Delay_us              6
     ?Subroutine0         12
     Delay_10us            8
     Delay_ms             48
     ??Delay_us?relay      6
     ??Delay_10us?relay    6
     ??Delay_ms?relay      6

 
 74 bytes in segment BANKED_CODE
 18 bytes in segment BANK_RELAYS
 
 92 bytes of CODE memory

Errors: none
Warnings: none
